0 verbose cli C:\Program Files\nodejs\node.exe C:\Program Files\nodejs\node_modules\npm\bin\npm-cli.js
1 info using npm@10.9.2
2 info using node@v22.15.1
3 silly config load:file:C:\Program Files\nodejs\node_modules\npm\npmrc
4 silly config load:file:C:\project\december-\Studiquo\frontend\.npmrc
5 silly config load:file:C:\Users\rakib\.npmrc
6 silly config load:file:C:\Users\rakib\npm-global\etc\npmrc
7 verbose title npm i next-auth
8 verbose argv "i" "next-auth"
9 verbose logfile logs-max:10 dir:C:\project\december-\Studiquo\frontend\UsersmynameAppDataRoamingnpm-cache\_logs\2025-12-02T12_03_18_297Z-
10 verbose logfile C:\project\december-\Studiquo\frontend\UsersmynameAppDataRoamingnpm-cache\_logs\2025-12-02T12_03_18_297Z-debug-0.log
11 silly logfile done cleaning log files
12 silly packumentCache heap:4345298944 maxSize:1086324736 maxEntrySize:543162368
13 silly idealTree buildDeps
14 silly fetch manifest next-auth@*
15 silly packumentCache full:https://registry.npmjs.org/next-auth cache-miss
16 http fetch GET 200 https://registry.npmjs.org/next-auth 295ms (cache miss)
17 silly packumentCache full:https://registry.npmjs.org/next-auth set size:undefined disposed:false
18 silly fetch manifest @auth/core@0.34.3
19 silly packumentCache full:https://registry.npmjs.org/@auth%2fcore cache-miss
20 http fetch GET 200 https://registry.npmjs.org/@auth%2fcore 310ms (cache miss)
21 silly packumentCache full:https://registry.npmjs.org/@auth%2fcore set size:undefined disposed:false
22 silly fetch manifest @simplewebauthn/browser@^9.0.1
23 silly packumentCache full:https://registry.npmjs.org/@simplewebauthn%2fbrowser cache-miss
24 http fetch GET 200 https://registry.npmjs.org/@simplewebauthn%2fbrowser 307ms (cache miss)
25 silly packumentCache full:https://registry.npmjs.org/@simplewebauthn%2fbrowser set size:undefined disposed:false
26 silly fetch manifest @simplewebauthn/server@^9.0.2
27 silly packumentCache full:https://registry.npmjs.org/@simplewebauthn%2fserver cache-miss
28 http fetch GET 200 https://registry.npmjs.org/@simplewebauthn%2fserver 321ms (cache miss)
29 silly packumentCache full:https://registry.npmjs.org/@simplewebauthn%2fserver set size:undefined disposed:false
30 silly fetch manifest nodemailer@^7
31 silly packumentCache full:https://registry.npmjs.org/nodemailer cache-miss
32 http fetch GET 200 https://registry.npmjs.org/nodemailer 72ms (cache miss)
33 silly packumentCache full:https://registry.npmjs.org/nodemailer set size:undefined disposed:false
34 silly fetch manifest next@16.0.1
35 silly packumentCache full:https://registry.npmjs.org/next cache-miss
36 http fetch GET 200 https://registry.npmjs.org/next 575ms (cache miss)
37 silly packumentCache full:https://registry.npmjs.org/next set size:undefined disposed:false
38 silly fetch manifest @opentelemetry/api@^1.1.0
39 silly packumentCache full:https://registry.npmjs.org/@opentelemetry%2fapi cache-miss
40 http fetch GET 200 https://registry.npmjs.org/@opentelemetry%2fapi 324ms (cache miss)
41 silly packumentCache full:https://registry.npmjs.org/@opentelemetry%2fapi set size:undefined disposed:false
42 silly fetch manifest @playwright/test@^1.51.1
43 silly packumentCache full:https://registry.npmjs.org/@playwright%2ftest cache-miss
44 http fetch GET 200 https://registry.npmjs.org/@playwright%2ftest 634ms (cache miss)
45 silly packumentCache full:https://registry.npmjs.org/@playwright%2ftest set size:undefined disposed:false
46 silly fetch manifest babel-plugin-react-compiler@*
47 silly packumentCache full:https://registry.npmjs.org/babel-plugin-react-compiler cache-miss
48 http fetch GET 200 https://registry.npmjs.org/babel-plugin-react-compiler 96ms (cache miss)
49 silly packumentCache full:https://registry.npmjs.org/babel-plugin-react-compiler set size:undefined disposed:false
50 silly fetch manifest react@19.2.0
51 silly packumentCache full:https://registry.npmjs.org/react cache-miss
52 http fetch GET 200 https://registry.npmjs.org/react 39ms (cache revalidated)
53 silly packumentCache full:https://registry.npmjs.org/react set size:6287832 disposed:false
54 silly fetch manifest react-dom@19.2.0
55 silly packumentCache full:https://registry.npmjs.org/react-dom cache-miss
56 http fetch GET 200 https://registry.npmjs.org/react-dom 37ms (cache revalidated)
57 silly packumentCache full:https://registry.npmjs.org/react-dom set size:8246867 disposed:false
58 silly fetch manifest sass@^1.3.0
59 silly packumentCache full:https://registry.npmjs.org/sass cache-miss
60 http fetch GET 200 https://registry.npmjs.org/sass 116ms (cache miss)
61 silly packumentCache full:https://registry.npmjs.org/sass set size:undefined disposed:false
62 silly placeDep ROOT next-auth@4.24.13 OK for: frontend@0.1.0 want: *
63 silly fetch manifest @babel/runtime@^7.20.13
64 silly packumentCache full:https://registry.npmjs.org/@babel%2fruntime cache-miss
65 silly fetch manifest @panva/hkdf@^1.0.2
66 silly packumentCache full:https://registry.npmjs.org/@panva%2fhkdf cache-miss
67 silly fetch manifest cookie@^0.7.0
68 silly packumentCache full:https://registry.npmjs.org/cookie cache-miss
69 silly fetch manifest jose@^4.15.5
70 silly packumentCache full:https://registry.npmjs.org/jose cache-miss
71 silly fetch manifest oauth@^0.9.15
72 silly packumentCache full:https://registry.npmjs.org/oauth cache-miss
73 silly fetch manifest openid-client@^5.4.0
74 silly packumentCache full:https://registry.npmjs.org/openid-client cache-miss
75 silly fetch manifest preact@^10.6.3
76 silly packumentCache full:https://registry.npmjs.org/preact cache-miss
77 silly fetch manifest preact-render-to-string@^5.1.19
78 silly packumentCache full:https://registry.npmjs.org/preact-render-to-string cache-miss
79 silly fetch manifest uuid@^8.3.2
80 silly packumentCache full:https://registry.npmjs.org/uuid cache-miss
81 http fetch GET 200 https://registry.npmjs.org/oauth 123ms (cache miss)
82 silly packumentCache full:https://registry.npmjs.org/oauth set size:undefined disposed:false
83 http fetch GET 200 https://registry.npmjs.org/preact-render-to-string 129ms (cache miss)
84 silly packumentCache full:https://registry.npmjs.org/preact-render-to-string set size:undefined disposed:false
85 http fetch GET 200 https://registry.npmjs.org/uuid 132ms (cache miss)
86 silly packumentCache full:https://registry.npmjs.org/uuid set size:undefined disposed:false
87 http fetch GET 200 https://registry.npmjs.org/preact 145ms (cache miss)
88 silly packumentCache full:https://registry.npmjs.org/preact set size:undefined disposed:false
89 http fetch GET 200 https://registry.npmjs.org/openid-client 386ms (cache miss)
90 silly packumentCache full:https://registry.npmjs.org/openid-client set size:undefined disposed:false
91 http fetch GET 200 https://registry.npmjs.org/jose 427ms (cache miss)
92 silly packumentCache full:https://registry.npmjs.org/jose set size:undefined disposed:false
93 http fetch GET 200 https://registry.npmjs.org/@babel%2fruntime 453ms (cache miss)
94 silly packumentCache full:https://registry.npmjs.org/@babel%2fruntime set size:undefined disposed:false
95 http fetch GET 200 https://registry.npmjs.org/@panva%2fhkdf 697ms (cache miss)
96 silly packumentCache full:https://registry.npmjs.org/@panva%2fhkdf set size:undefined disposed:false
97 http fetch GET 200 https://registry.npmjs.org/cookie 896ms (cache miss)
98 silly packumentCache full:https://registry.npmjs.org/cookie set size:undefined disposed:false
99 silly placeDep ROOT @babel/runtime@7.28.4 OK for: next-auth@4.24.13 want: ^7.20.13
100 silly placeDep ROOT @panva/hkdf@1.2.1 OK for: next-auth@4.24.13 want: ^1.0.2
101 silly placeDep ROOT cookie@0.7.2 OK for: next-auth@4.24.13 want: ^0.7.0
102 silly placeDep ROOT jose@4.15.9 OK for: next-auth@4.24.13 want: ^4.15.5
103 silly placeDep ROOT oauth@0.9.15 OK for: next-auth@4.24.13 want: ^0.9.15
104 silly placeDep ROOT openid-client@5.7.1 OK for: next-auth@4.24.13 want: ^5.4.0
105 silly placeDep ROOT preact@10.28.0 OK for: next-auth@4.24.13 want: ^10.6.3
106 silly placeDep ROOT preact-render-to-string@5.2.6 OK for: next-auth@4.24.13 want: ^5.1.19
107 silly placeDep ROOT uuid@8.3.2 OK for: next-auth@4.24.13 want: ^8.3.2
108 silly fetch manifest lru-cache@^6.0.0
109 silly packumentCache full:https://registry.npmjs.org/lru-cache cache-miss
110 silly fetch manifest object-hash@^2.2.0
111 silly packumentCache full:https://registry.npmjs.org/object-hash cache-miss
112 silly fetch manifest oidc-token-hash@^5.0.3
113 silly packumentCache full:https://registry.npmjs.org/oidc-token-hash cache-miss
114 silly fetch manifest pretty-format@^3.8.0
115 silly packumentCache full:https://registry.npmjs.org/pretty-format cache-miss
116 http fetch GET 200 https://registry.npmjs.org/object-hash 86ms (cache miss)
117 silly packumentCache full:https://registry.npmjs.org/object-hash set size:undefined disposed:false
118 http fetch GET 200 https://registry.npmjs.org/lru-cache 89ms (cache miss)
119 silly packumentCache full:https://registry.npmjs.org/lru-cache set size:undefined disposed:false
120 http fetch GET 200 https://registry.npmjs.org/pretty-format 105ms (cache miss)
121 silly packumentCache full:https://registry.npmjs.org/pretty-format set size:undefined disposed:false
122 http fetch GET 200 https://registry.npmjs.org/oidc-token-hash 148ms (cache miss)
123 silly packumentCache full:https://registry.npmjs.org/oidc-token-hash set size:undefined disposed:false
124 silly placeDep node_modules/openid-client lru-cache@6.0.0 OK for: openid-client@5.7.1 want: ^6.0.0
125 silly placeDep ROOT object-hash@2.2.0 OK for: openid-client@5.7.1 want: ^2.2.0
126 silly placeDep ROOT oidc-token-hash@5.2.0 OK for: openid-client@5.7.1 want: ^5.0.3
127 silly fetch manifest yallist@^4.0.0
128 silly packumentCache full:https://registry.npmjs.org/yallist cache-miss
129 http fetch GET 200 https://registry.npmjs.org/yallist 64ms (cache miss)
130 silly packumentCache full:https://registry.npmjs.org/yallist set size:undefined disposed:false
131 silly placeDep ROOT pretty-format@3.8.0 OK for: preact-render-to-string@5.2.6 want: ^3.8.0
132 silly placeDep node_modules/openid-client yallist@4.0.0 OK for: lru-cache@6.0.0 want: ^4.0.0
133 silly reify moves {}
134 verbose reify failed optional dependency C:\project\december-\Studiquo\frontend\node_modules\@tailwindcss\oxide-wasm32-wasi
135 silly reify mark deleted [
135 silly reify   'C:\\project\\december-\\Studiquo\\frontend\\node_modules\\@tailwindcss\\oxide-wasm32-wasi'
135 silly reify ]
136 silly audit bulk request {
136 silly audit   '@alloc/quick-lru': [ '5.2.0' ],
136 silly audit   '@babel/code-frame': [ '7.27.1' ],
136 silly audit   '@babel/compat-data': [ '7.28.5' ],
136 silly audit   '@babel/core': [ '7.28.5' ],
136 silly audit   '@babel/generator': [ '7.28.5' ],
136 silly audit   '@babel/helper-compilation-targets': [ '7.27.2' ],
136 silly audit   '@babel/helper-globals': [ '7.28.0' ],
136 silly audit   '@babel/helper-module-imports': [ '7.27.1' ],
136 silly audit   '@babel/helper-module-transforms': [ '7.28.3' ],
136 silly audit   '@babel/helper-string-parser': [ '7.27.1' ],
136 silly audit   '@babel/helper-validator-identifier': [ '7.28.5' ],
136 silly audit   '@babel/helper-validator-option': [ '7.27.1' ],
136 silly audit   '@babel/helpers': [ '7.28.4' ],
136 silly audit   '@babel/parser': [ '7.28.5' ],
136 silly audit   '@babel/template': [ '7.27.2' ],
136 silly audit   '@babel/traverse': [ '7.28.5' ],
136 silly audit   '@babel/types': [ '7.28.5' ],
136 silly audit   '@emnapi/core': [ '1.7.0' ],
136 silly audit   '@emnapi/runtime': [ '1.7.0' ],
136 silly audit   '@emnapi/wasi-threads': [ '1.1.0' ],
136 silly audit   '@eslint-community/eslint-utils': [ '4.9.0' ],
136 silly audit   'eslint-visitor-keys': [ '3.4.3', '4.2.1' ],
136 silly audit   '@eslint-community/regexpp': [ '4.12.2' ],
136 silly audit   '@eslint/config-array': [ '0.21.1' ],
136 silly audit   '@eslint/config-helpers': [ '0.4.2' ],
136 silly audit   '@eslint/core': [ '0.17.0' ],
136 silly audit   '@eslint/eslintrc': [ '3.3.1' ],
136 silly audit   '@eslint/js': [ '9.39.1' ],
136 silly audit   '@eslint/object-schema': [ '2.1.7' ],
136 silly audit   '@eslint/plugin-kit': [ '0.4.1' ],
136 silly audit   '@humanfs/core': [ '0.19.1' ],
136 silly audit   '@humanfs/node': [ '0.16.7' ],
136 silly audit   '@humanwhocodes/module-importer': [ '1.0.1' ],
136 silly audit   '@humanwhocodes/retry': [ '0.4.3' ],
136 silly audit   '@img/colour': [ '1.0.0' ],
136 silly audit   '@img/sharp-darwin-arm64': [ '0.34.5' ],
136 silly audit   '@img/sharp-darwin-x64': [ '0.34.5' ],
136 silly audit   '@img/sharp-libvips-darwin-arm64': [ '1.2.4' ],
136 silly audit   '@img/sharp-libvips-darwin-x64': [ '1.2.4' ],
136 silly audit   '@img/sharp-libvips-linux-arm': [ '1.2.4' ],
136 silly audit   '@img/sharp-libvips-linux-arm64': [ '1.2.4' ],
136 silly audit   '@img/sharp-libvips-linux-ppc64': [ '1.2.4' ],
136 silly audit   '@img/sharp-libvips-linux-riscv64': [ '1.2.4' ],
136 silly audit   '@img/sharp-libvips-linux-s390x': [ '1.2.4' ],
136 silly audit   '@img/sharp-libvips-linux-x64': [ '1.2.4' ],
136 silly audit   '@img/sharp-libvips-linuxmusl-arm64': [ '1.2.4' ],
136 silly audit   '@img/sharp-libvips-linuxmusl-x64': [ '1.2.4' ],
136 silly audit   '@img/sharp-linux-arm': [ '0.34.5' ],
136 silly audit   '@img/sharp-linux-arm64': [ '0.34.5' ],
136 silly audit   '@img/sharp-linux-ppc64': [ '0.34.5' ],
136 silly audit   '@img/sharp-linux-riscv64': [ '0.34.5' ],
136 silly audit   '@img/sharp-linux-s390x': [ '0.34.5' ],
136 silly audit   '@img/sharp-linux-x64': [ '0.34.5' ],
136 silly audit   '@img/sharp-linuxmusl-arm64': [ '0.34.5' ],
136 silly audit   '@img/sharp-linuxmusl-x64': [ '0.34.5' ],
136 silly audit   '@img/sharp-wasm32': [ '0.34.5' ],
136 silly audit   '@img/sharp-win32-arm64': [ '0.34.5' ],
136 silly audit   '@img/sharp-win32-ia32': [ '0.34.5' ],
136 silly audit   '@img/sharp-win32-x64': [ '0.34.5' ],
136 silly audit   '@jridgewell/gen-mapping': [ '0.3.13' ],
136 silly audit   '@jridgewell/remapping': [ '2.3.5' ],
136 silly audit   '@jridgewell/resolve-uri': [ '3.1.2' ],
136 silly audit   '@jridgewell/sourcemap-codec': [ '1.5.5' ],
136 silly audit   '@jridgewell/trace-mapping': [ '0.3.31' ],
136 silly audit   '@napi-rs/wasm-runtime': [ '0.2.12' ],
136 silly audit   '@next/env': [ '16.0.1' ],
136 silly audit   '@next/eslint-plugin-next': [ '16.0.1' ],
136 silly audit   '@next/swc-darwin-arm64': [ '16.0.1' ],
136 silly audit   '@next/swc-darwin-x64': [ '16.0.1' ],
136 silly audit   '@next/swc-linux-arm64-gnu': [ '16.0.1' ],
136 silly audit   '@next/swc-linux-arm64-musl': [ '16.0.1' ],
136 silly audit   '@next/swc-linux-x64-gnu': [ '16.0.1' ],
136 silly audit   '@next/swc-linux-x64-musl': [ '16.0.1' ],
136 silly audit   '@next/swc-win32-arm64-msvc': [ '16.0.1' ],
136 silly audit   '@next/swc-win32-x64-msvc': [ '16.0.1' ],
136 silly audit   '@nodelib/fs.scandir': [ '2.1.5' ],
136 silly audit   '@nodelib/fs.stat': [ '2.0.5' ],
136 silly audit   '@nodelib/fs.walk': [ '1.2.8' ],
136 silly audit   '@nolyfill/is-core-module': [ '1.0.39' ],
136 silly audit   '@reduxjs/toolkit': [ '2.11.0' ],
136 silly audit   '@rtsao/scc': [ '1.1.0' ],
136 silly audit   '@standard-schema/spec': [ '1.0.0' ],
136 silly audit   '@standard-schema/utils': [ '0.3.0' ],
136 silly audit   '@swc/helpers': [ '0.5.15' ],
136 silly audit   '@tailwindcss/node': [ '4.1.17' ],
136 silly audit   '@tailwindcss/oxide': [ '4.1.17' ],
136 silly audit   '@tailwindcss/oxide-android-arm64': [ '4.1.17' ],
136 silly audit   '@tailwindcss/oxide-darwin-arm64': [ '4.1.17' ],
136 silly audit   '@tailwindcss/oxide-darwin-x64': [ '4.1.17' ],
136 silly audit   '@tailwindcss/oxide-freebsd-x64': [ '4.1.17' ],
136 silly audit   '@tailwindcss/oxide-linux-arm-gnueabihf': [ '4.1.17' ],
136 silly audit   '@tailwindcss/oxide-linux-arm64-gnu': [ '4.1.17' ],
136 silly audit   '@tailwindcss/oxide-linux-arm64-musl': [ '4.1.17' ],
136 silly audit   '@tailwindcss/oxide-linux-x64-gnu': [ '4.1.17' ],
136 silly audit   '@tailwindcss/oxide-linux-x64-musl': [ '4.1.17' ],
136 silly audit   '@tailwindcss/oxide-win32-arm64-msvc': [ '4.1.17' ],
136 silly audit   '@tailwindcss/oxide-win32-x64-msvc': [ '4.1.17' ],
136 silly audit   '@tailwindcss/postcss': [ '4.1.17' ],
136 silly audit   '@tybys/wasm-util': [ '0.10.1' ],
136 silly audit   '@types/estree': [ '1.0.8' ],
136 silly audit   '@types/json-schema': [ '7.0.15' ],
136 silly audit   '@types/json5': [ '0.0.29' ],
136 silly audit   '@types/use-sync-external-store': [ '0.0.6' ],
136 silly audit   '@typescript-eslint/eslint-plugin': [ '8.46.4' ],
136 silly audit   ignore: [ '7.0.5', '5.3.2' ],
136 silly audit   '@typescript-eslint/parser': [ '8.46.4' ],
136 silly audit   '@typescript-eslint/project-service': [ '8.46.4' ],
136 silly audit   '@typescript-eslint/scope-manager': [ '8.46.4' ],
136 silly audit   '@typescript-eslint/tsconfig-utils': [ '8.46.4' ],
136 silly audit   '@typescript-eslint/type-utils': [ '8.46.4' ],
136 silly audit   '@typescript-eslint/types': [ '8.46.4' ],
136 silly audit   '@typescript-eslint/typescript-estree': [ '8.46.4' ],
136 silly audit   'brace-expansion': [ '2.0.2', '1.1.12' ],
136 silly audit   'fast-glob': [ '3.3.3', '3.3.1' ],
136 silly audit   'glob-parent': [ '5.1.2', '6.0.2' ],
136 silly audit   minimatch: [ '9.0.5', '3.1.2' ],
136 silly audit   semver: [ '7.7.3', '6.3.1' ],
136 silly audit   '@typescript-eslint/utils': [ '8.46.4' ],
136 silly audit   '@typescript-eslint/visitor-keys': [ '8.46.4' ],
136 silly audit   '@unrs/resolver-binding-android-arm-eabi': [ '1.11.1' ],
136 silly audit   '@unrs/resolver-binding-android-arm64': [ '1.11.1' ],
136 silly audit   '@unrs/resolver-binding-darwin-arm64': [ '1.11.1' ],
136 silly audit   '@unrs/resolver-binding-darwin-x64': [ '1.11.1' ],
136 silly audit   '@unrs/resolver-binding-freebsd-x64': [ '1.11.1' ],
136 silly audit   '@unrs/resolver-binding-linux-arm-gnueabihf': [ '1.11.1' ],
136 silly audit   '@unrs/resolver-binding-linux-arm-musleabihf': [ '1.11.1' ],
136 silly audit   '@unrs/resolver-binding-linux-arm64-gnu': [ '1.11.1' ],
136 silly audit   '@unrs/resolver-binding-linux-arm64-musl': [ '1.11.1' ],
136 silly audit   '@unrs/resolver-binding-linux-ppc64-gnu': [ '1.11.1' ],
136 silly audit   '@unrs/resolver-binding-linux-riscv64-gnu': [ '1.11.1' ],
136 silly audit   '@unrs/resolver-binding-linux-riscv64-musl': [ '1.11.1' ],
136 silly audit   '@unrs/resolver-binding-linux-s390x-gnu': [ '1.11.1' ],
136 silly audit   '@unrs/resolver-binding-linux-x64-gnu': [ '1.11.1' ],
136 silly audit   '@unrs/resolver-binding-linux-x64-musl': [ '1.11.1' ],
136 silly audit   '@unrs/resolver-binding-wasm32-wasi': [ '1.11.1' ],
136 silly audit   '@unrs/resolver-binding-win32-arm64-msvc': [ '1.11.1' ],
136 silly audit   '@unrs/resolver-binding-win32-ia32-msvc': [ '1.11.1' ],
136 silly audit   '@unrs/resolver-binding-win32-x64-msvc': [ '1.11.1' ],
136 silly audit   acorn: [ '8.15.0' ],
136 silly audit   'acorn-jsx': [ '5.3.2' ],
136 silly audit   ajv: [ '6.12.6' ],
136 silly audit   'ansi-styles': [ '4.3.0' ],
136 silly audit   argparse: [ '2.0.1' ],
136 silly audit   'aria-query': [ '5.3.2' ],
136 silly audit   'array-buffer-byte-length': [ '1.0.2' ],
136 silly audit   'array-includes': [ '3.1.9' ],
136 silly audit   'array.prototype.findlast': [ '1.2.5' ],
136 silly audit   'array.prototype.findlastindex': [ '1.2.6' ],
136 silly audit   'array.prototype.flat': [ '1.3.3' ],
136 silly audit   'array.prototype.flatmap': [ '1.3.3' ],
136 silly audit   'array.prototype.tosorted': [ '1.1.4' ],
136 silly audit   'arraybuffer.prototype.slice': [ '1.0.4' ],
136 silly audit   'ast-types-flow': [ '0.0.8' ],
136 silly audit   'async-function': [ '1.0.0' ],
136 silly audit   'available-typed-arrays': [ '1.0.7' ],
136 silly audit   'axe-core': [ '4.11.0' ],
136 silly audit   'axobject-query': [ '4.1.0' ],
136 silly audit   'balanced-match': [ '1.0.2' ],
136 silly audit   'baseline-browser-mapping': [ '2.8.26' ],
136 silly audit   braces: [ '3.0.3' ],
136 silly audit   browserslist: [ '4.28.0' ],
136 silly audit   'call-bind': [ '1.0.8' ],
136 silly audit   'call-bind-apply-helpers': [ '1.0.2' ],
136 silly audit   'call-bound': [ '1.0.4' ],
136 silly audit   callsites: [ '3.1.0' ],
136 silly audit   'caniuse-lite': [ '1.0.30001754' ],
136 silly audit   chalk: [ '4.1.2' ],
136 silly audit   classnames: [ '2.5.1' ],
136 silly audit   'client-only': [ '0.0.1' ],
136 silly audit   'color-convert': [ '2.0.1' ],
136 silly audit   'color-name': [ '1.1.4' ],
136 silly audit   'concat-map': [ '0.0.1' ],
136 silly audit   'convert-source-map': [ '2.0.0' ],
136 silly audit   'cross-spawn': [ '7.0.6' ],
136 silly audit   csstype: [ '3.2.3' ],
136 silly audit   'damerau-levenshtein': [ '1.0.8' ],
136 silly audit   'data-view-buffer': [ '1.0.2' ],
136 silly audit   'data-view-byte-length': [ '1.0.2' ],
136 silly audit   'data-view-byte-offset': [ '1.0.1' ],
136 silly audit   debug: [ '4.4.3', '3.2.7' ],
136 silly audit   'deep-is': [ '0.1.4' ],
136 silly audit   'define-data-property': [ '1.1.4' ],
136 silly audit   'define-properties': [ '1.2.1' ],
136 silly audit   'detect-libc': [ '2.1.2' ],
136 silly audit   doctrine: [ '2.1.0' ],
136 silly audit   'dunder-proto': [ '1.0.1' ],
136 silly audit   'electron-to-chromium': [ '1.5.250' ],
136 silly audit   'emoji-regex': [ '9.2.2' ],
136 silly audit   'enhanced-resolve': [ '5.18.3' ],
136 silly audit   'es-abstract': [ '1.24.0' ],
136 silly audit   'es-define-property': [ '1.0.1' ],
136 silly audit   'es-errors': [ '1.3.0' ],
136 silly audit   'es-iterator-helpers': [ '1.2.1' ],
136 silly audit   'es-object-atoms': [ '1.1.1' ],
136 silly audit   'es-set-tostringtag': [ '2.1.0' ],
136 silly audit   'es-shim-unscopables': [ '1.1.0' ],
136 silly audit   'es-to-primitive': [ '1.3.0' ],
136 silly audit   escalade: [ '3.2.0' ],
136 silly audit   'escape-string-regexp': [ '4.0.0' ],
136 silly audit   eslint: [ '9.39.1' ],
136 silly audit   'eslint-config-next': [ '16.0.1' ],
136 silly audit   globals: [ '16.4.0', '14.0.0' ],
136 silly audit   'eslint-import-resolver-node': [ '0.3.9' ],
136 silly audit   'eslint-import-resolver-typescript': [ '3.10.1' ],
136 silly audit   'eslint-module-utils': [ '2.12.1' ],
136 silly audit   'eslint-plugin-import': [ '2.32.0' ],
136 silly audit   'eslint-plugin-jsx-a11y': [ '6.10.2' ],
136 silly audit   'eslint-plugin-react': [ '7.37.5' ],
136 silly audit   'eslint-plugin-react-hooks': [ '7.0.1' ],
136 silly audit   resolve: [ '2.0.0-next.5', '1.22.11' ],
136 silly audit   'eslint-scope': [ '8.4.0' ],
136 silly audit   espree: [ '10.4.0' ],
136 silly audit   esquery: [ '1.6.0' ],
136 silly audit   esrecurse: [ '4.3.0' ],
136 silly audit   estraverse: [ '5.3.0' ],
136 silly audit   esutils: [ '2.0.3' ],
136 silly audit   'fast-deep-equal': [ '3.1.3' ],
136 silly audit   'fast-json-stable-stringify': [ '2.1.0' ],
136 silly audit   'fast-levenshtein': [ '2.0.6' ],
136 silly audit   fastq: [ '1.19.1' ],
136 silly audit   'file-entry-cache': [ '8.0.0' ],
136 silly audit   'fill-range': [ '7.1.1' ],
136 silly audit   'find-up': [ '5.0.0' ],
136 silly audit   'flat-cache': [ '4.0.1' ],
136 silly audit   flatted: [ '3.3.3' ],
136 silly audit   'for-each': [ '0.3.5' ],
136 silly audit   'function-bind': [ '1.1.2' ],
136 silly audit   'function.prototype.name': [ '1.1.8' ],
136 silly audit   'functions-have-names': [ '1.2.3' ],
136 silly audit   'generator-function': [ '2.0.1' ],
136 silly audit   gensync: [ '1.0.0-beta.2' ],
136 silly audit   'get-intrinsic': [ '1.3.0' ],
136 silly audit   'get-proto': [ '1.0.1' ],
136 silly audit   'get-symbol-description': [ '1.1.0' ],
136 silly audit   'get-tsconfig': [ '4.13.0' ],
136 silly audit   globalthis: [ '1.0.4' ],
136 silly audit   goober: [ '2.1.18' ],
136 silly audit   gopd: [ '1.2.0' ],
136 silly audit   'graceful-fs': [ '4.2.11' ],
136 silly audit   graphemer: [ '1.4.0' ],
136 silly audit   'has-bigints': [ '1.1.0' ],
136 silly audit   'has-flag': [ '4.0.0' ],
136 silly audit   'has-property-descriptors': [ '1.0.2' ],
136 silly audit   'has-proto': [ '1.2.0' ],
136 silly audit   'has-symbols': [ '1.1.0' ],
136 silly audit   'has-tostringtag': [ '1.0.2' ],
136 silly audit   hasown: [ '2.0.2' ],
136 silly audit   'hermes-estree': [ '0.25.1' ],
136 silly audit   'hermes-parser': [ '0.25.1' ],
136 silly audit   immer: [ '11.0.1' ],
136 silly audit   'import-fresh': [ '3.3.1' ],
136 silly audit   imurmurhash: [ '0.1.4' ],
136 silly audit   'internal-slot': [ '1.1.0' ],
136 silly audit   'is-array-buffer': [ '3.0.5' ],
136 silly audit   'is-async-function': [ '2.1.1' ],
136 silly audit   'is-bigint': [ '1.1.0' ],
136 silly audit   'is-boolean-object': [ '1.2.2' ],
136 silly audit   'is-bun-module': [ '2.0.0' ],
136 silly audit   'is-callable': [ '1.2.7' ],
136 silly audit   'is-core-module': [ '2.16.1' ],
136 silly audit   'is-data-view': [ '1.0.2' ],
136 silly audit   'is-date-object': [ '1.1.0' ],
136 silly audit   'is-extglob': [ '2.1.1' ],
136 silly audit   'is-finalizationregistry': [ '1.1.1' ],
136 silly audit   'is-generator-function': [ '1.1.2' ],
136 silly audit   'is-glob': [ '4.0.3' ],
136 silly audit   'is-map': [ '2.0.3' ],
136 silly audit   'is-negative-zero': [ '2.0.3' ],
136 silly audit   'is-number': [ '7.0.0' ],
136 silly audit   'is-number-object': [ '1.1.1' ],
136 silly audit   'is-regex': [ '1.2.1' ],
136 silly audit   'is-set': [ '2.0.3' ],
136 silly audit   'is-shared-array-buffer': [ '1.0.4' ],
136 silly audit   'is-string': [ '1.1.1' ],
136 silly audit   'is-symbol': [ '1.1.1' ],
136 silly audit   'is-typed-array': [ '1.1.15' ],
136 silly audit   'is-weakmap': [ '2.0.2' ],
136 silly audit   'is-weakref': [ '1.1.1' ],
136 silly audit   'is-weakset': [ '2.0.4' ],
136 silly audit   isarray: [ '2.0.5' ],
136 silly audit   isexe: [ '2.0.0' ],
136 silly audit   'iterator.prototype': [ '1.1.5' ],
136 silly audit   jiti: [ '2.6.1' ],
136 silly audit   jquery: [ '3.7.1' ],
136 silly audit   'js-tokens': [ '4.0.0' ],
136 silly audit   'js-yaml': [ '4.1.0' ],
136 silly audit   jsesc: [ '3.1.0' ],
136 silly audit   'json-buffer': [ '3.0.1' ],
136 silly audit   'json-schema-traverse': [ '0.4.1' ],
136 silly audit   'json-stable-stringify-without-jsonify': [ '1.0.1' ],
136 silly audit   json2mq: [ '0.2.0' ],
136 silly audit   json5: [ '2.2.3', '1.0.2' ],
136 silly audit   'jsx-ast-utils': [ '3.3.5' ],
136 silly audit   keyv: [ '4.5.4' ],
136 silly audit   'language-subtag-registry': [ '0.3.23' ],
136 silly audit   'language-tags': [ '1.0.9' ],
136 silly audit   levn: [ '0.4.1' ],
136 silly audit   lightningcss: [ '1.30.2' ],
136 silly audit   'lightningcss-android-arm64': [ '1.30.2' ],
136 silly audit   'lightningcss-darwin-arm64': [ '1.30.2' ],
136 silly audit   'lightningcss-darwin-x64': [ '1.30.2' ],
136 silly audit   'lightningcss-freebsd-x64': [ '1.30.2' ],
136 silly audit   'lightningcss-linux-arm-gnueabihf': [ '1.30.2' ],
136 silly audit   'lightningcss-linux-arm64-gnu': [ '1.30.2' ],
136 silly audit   'lightningcss-linux-arm64-musl': [ '1.30.2' ],
136 silly audit   'lightningcss-linux-x64-gnu': [ '1.30.2' ],
136 silly audit   'lightningcss-linux-x64-musl': [ '1.30.2' ],
136 silly audit   'lightningcss-win32-arm64-msvc': [ '1.30.2' ],
136 silly audit   'lightningcss-win32-x64-msvc': [ '1.30.2' ],
136 silly audit   'locate-path': [ '6.0.0' ],
136 silly audit   'lodash.debounce': [ '4.0.8' ],
136 silly audit   'lodash.merge': [ '4.6.2' ],
136 silly audit   'loose-envify': [ '1.4.0' ],
136 silly audit   'lru-cache': [ '5.1.1', '6.0.0' ],
136 silly audit   'magic-string': [ '0.30.21' ],
136 silly audit   'math-intrinsics': [ '1.1.0' ],
136 silly audit   merge2: [ '1.4.1' ],
136 silly audit   micromatch: [ '4.0.8' ],
136 silly audit   minimist: [ '1.2.8' ],
136 silly audit   ms: [ '2.1.3' ],
136 silly audit   nanoid: [ '3.3.11' ],
136 silly audit   'napi-postinstall': [ '0.3.4' ],
136 silly audit   'natural-compare': [ '1.4.0' ],
136 silly audit   next: [ '16.0.1' ],
136 silly audit   postcss: [ '8.4.31', '8.5.6' ],
136 silly audit   'node-releases': [ '2.0.27' ],
136 silly audit   'object-assign': [ '4.1.1' ],
136 silly audit   'object-inspect': [ '1.13.4' ],
136 silly audit   'object-keys': [ '1.1.1' ],
136 silly audit   'object.assign': [ '4.1.7' ],
136 silly audit   'object.entries': [ '1.1.9' ],
136 silly audit   'object.fromentries': [ '2.0.8' ],
136 silly audit   'object.groupby': [ '1.0.3' ],
136 silly audit   'object.values': [ '1.2.1' ],
136 silly audit   optionator: [ '0.9.4' ],
136 silly audit   'own-keys': [ '1.0.1' ],
136 silly audit   'p-limit': [ '3.1.0' ],
136 silly audit   'p-locate': [ '5.0.0' ],
136 silly audit   'parent-module': [ '1.0.1' ],
136 silly audit   'path-exists': [ '4.0.0' ],
136 silly audit   'path-key': [ '3.1.1' ],
136 silly audit   'path-parse': [ '1.0.7' ],
136 silly audit   picocolors: [ '1.1.1' ],
136 silly audit   picomatch: [ '2.3.1', '4.0.3' ],
136 silly audit   'possible-typed-array-names': [ '1.1.0' ],
136 silly audit   'prelude-ls': [ '1.2.1' ],
136 silly audit   'prop-types': [ '15.8.1' ],
136 silly audit   punycode: [ '2.3.1' ],
136 silly audit   'queue-microtask': [ '1.2.3' ],
136 silly audit   react: [ '19.2.0' ],
136 silly audit   'react-dom': [ '19.2.0' ],
136 silly audit   'react-hot-toast': [ '2.6.0' ],
136 silly audit   'react-icons': [ '5.5.0' ],
136 silly audit   'react-is': [ '16.13.1' ],
136 silly audit   'react-redux': [ '9.2.0' ],
136 silly audit   'react-slick': [ '0.31.0' ],
136 silly audit   redux: [ '5.0.1' ],
136 silly audit   'redux-thunk': [ '3.1.0' ],
136 silly audit   'reflect.getprototypeof': [ '1.0.10' ],
136 silly audit   'regexp.prototype.flags': [ '1.5.4' ],
136 silly audit   reselect: [ '5.1.1' ],
136 silly audit   'resize-observer-polyfill': [ '1.5.1' ],
136 silly audit   'resolve-from': [ '4.0.0' ],
136 silly audit   'resolve-pkg-maps': [ '1.0.0' ],
136 silly audit   reusify: [ '1.1.0' ],
136 silly audit   'run-parallel': [ '1.2.0' ],
136 silly audit   'safe-array-concat': [ '1.1.3' ],
136 silly audit   'safe-push-apply': [ '1.0.0' ],
136 silly audit   'safe-regex-test': [ '1.1.0' ],
136 silly audit   scheduler: [ '0.27.0' ],
136 silly audit   'set-function-length': [ '1.2.2' ],
136 silly audit   'set-function-name': [ '2.0.2' ],
136 silly audit   'set-proto': [ '1.0.0' ],
136 silly audit   sharp: [ '0.34.5' ],
136 silly audit   'shebang-command': [ '2.0.0' ],
136 silly audit   'shebang-regex': [ '3.0.0' ],
136 silly audit   'side-channel': [ '1.1.0' ],
136 silly audit   'side-channel-list': [ '1.0.0' ],
136 silly audit   'side-channel-map': [ '1.0.1' ],
136 silly audit   'side-channel-weakmap': [ '1.0.2' ],
136 silly audit   'slick-carousel': [ '1.8.1' ],
136 silly audit   'source-map-js': [ '1.2.1' ],
136 silly audit   'stable-hash': [ '0.0.5' ],
136 silly audit   'stop-iteration-iterator': [ '1.1.0' ],
136 silly audit   'string-convert': [ '0.2.1' ],
136 silly audit   'string.prototype.includes': [ '2.0.1' ],
136 silly audit   'string.prototype.matchall': [ '4.0.12' ],
136 silly audit   'string.prototype.repeat': [ '1.0.0' ],
136 silly audit   'string.prototype.trim': [ '1.2.10' ],
136 silly audit   'string.prototype.trimend': [ '1.0.9' ],
136 silly audit   'string.prototype.trimstart': [ '1.0.8' ],
136 silly audit   'strip-bom': [ '3.0.0' ],
136 silly audit   'strip-json-comments': [ '3.1.1' ],
136 silly audit   'styled-jsx': [ '5.1.6' ],
136 silly audit   'supports-color': [ '7.2.0' ],
136 silly audit   'supports-preserve-symlinks-flag': [ '1.0.0' ],
136 silly audit   tailwindcss: [ '4.1.17' ],
136 silly audit   tapable: [ '2.3.0' ],
136 silly audit   tinyglobby: [ '0.2.15' ],
136 silly audit   fdir: [ '6.5.0' ],
136 silly audit   'to-regex-range': [ '5.0.1' ],
136 silly audit   'ts-api-utils': [ '2.1.0' ],
136 silly audit   'tsconfig-paths': [ '3.15.0' ],
136 silly audit   tslib: [ '2.8.1' ],
136 silly audit   'type-check': [ '0.4.0' ],
136 silly audit   'typed-array-buffer': [ '1.0.3' ],
136 silly audit   'typed-array-byte-length': [ '1.0.3' ],
136 silly audit   'typed-array-byte-offset': [ '1.0.4' ],
136 silly audit   'typed-array-length': [ '1.0.7' ],
136 silly audit   typescript: [ '5.9.3' ],
136 silly audit   'typescript-eslint': [ '8.46.4' ],
136 silly audit   'unbox-primitive': [ '1.1.0' ],
136 silly audit   'unrs-resolver': [ '1.11.1' ],
136 silly audit   'update-browserslist-db': [ '1.1.4' ],
136 silly audit   'uri-js': [ '4.4.1' ],
136 silly audit   'use-sync-external-store': [ '1.6.0' ],
136 silly audit   which: [ '2.0.2' ],
136 silly audit   'which-boxed-primitive': [ '1.1.1' ],
136 silly audit   'which-builtin-type': [ '1.2.1' ],
136 silly audit   'which-collection': [ '1.0.2' ],
136 silly audit   'which-typed-array': [ '1.1.19' ],
136 silly audit   'word-wrap': [ '1.2.5' ],
136 silly audit   yallist: [ '3.1.1', '4.0.0' ],
136 silly audit   'yocto-queue': [ '0.1.0' ],
136 silly audit   zod: [ '4.1.12' ],
136 silly audit   'zod-validation-error': [ '4.0.2' ],
136 silly audit   'next-auth': [ '4.24.13' ],
136 silly audit   '@babel/runtime': [ '7.28.4' ],
136 silly audit   '@panva/hkdf': [ '1.2.1' ],
136 silly audit   cookie: [ '0.7.2' ],
136 silly audit   jose: [ '4.15.9' ],
136 silly audit   oauth: [ '0.9.15' ],
136 silly audit   'openid-client': [ '5.7.1' ],
136 silly audit   preact: [ '10.28.0' ],
136 silly audit   'preact-render-to-string': [ '5.2.6' ],
136 silly audit   uuid: [ '8.3.2' ],
136 silly audit   'object-hash': [ '2.2.0' ],
136 silly audit   'oidc-token-hash': [ '5.2.0' ],
136 silly audit   'pretty-format': [ '3.8.0' ],
136 silly audit   '@tailwindcss/oxide-wasm32-wasi': [ '4.1.17' ]
136 silly audit }
137 verbose reify failed optional dependency C:\project\december-\Studiquo\frontend\node_modules\lightningcss-win32-arm64-msvc
138 silly reify mark deleted [
138 silly reify   'C:\\project\\december-\\Studiquo\\frontend\\node_modules\\lightningcss-win32-arm64-msvc'
138 silly reify ]
139 verbose reify failed optional dependency C:\project\december-\Studiquo\frontend\node_modules\lightningcss-linux-x64-musl
140 silly reify mark deleted [
140 silly reify   'C:\\project\\december-\\Studiquo\\frontend\\node_modules\\lightningcss-linux-x64-musl'
140 silly reify ]
141 verbose reify failed optional dependency C:\project\december-\Studiquo\frontend\node_modules\lightningcss-linux-x64-gnu
142 silly reify mark deleted [
142 silly reify   'C:\\project\\december-\\Studiquo\\frontend\\node_modules\\lightningcss-linux-x64-gnu'
142 silly reify ]
143 verbose reify failed optional dependency C:\project\december-\Studiquo\frontend\node_modules\lightningcss-linux-arm64-musl
144 silly reify mark deleted [
144 silly reify   'C:\\project\\december-\\Studiquo\\frontend\\node_modules\\lightningcss-linux-arm64-musl'
144 silly reify ]
145 verbose reify failed optional dependency C:\project\december-\Studiquo\frontend\node_modules\lightningcss-linux-arm64-gnu
146 silly reify mark deleted [
146 silly reify   'C:\\project\\december-\\Studiquo\\frontend\\node_modules\\lightningcss-linux-arm64-gnu'
146 silly reify ]
147 verbose reify failed optional dependency C:\project\december-\Studiquo\frontend\node_modules\lightningcss-linux-arm-gnueabihf
148 silly reify mark deleted [
148 silly reify   'C:\\project\\december-\\Studiquo\\frontend\\node_modules\\lightningcss-linux-arm-gnueabihf'
148 silly reify ]
149 verbose reify failed optional dependency C:\project\december-\Studiquo\frontend\node_modules\lightningcss-freebsd-x64
150 silly reify mark deleted [
150 silly reify   'C:\\project\\december-\\Studiquo\\frontend\\node_modules\\lightningcss-freebsd-x64'
150 silly reify ]
151 verbose reify failed optional dependency C:\project\december-\Studiquo\frontend\node_modules\lightningcss-darwin-x64
152 silly reify mark deleted [
152 silly reify   'C:\\project\\december-\\Studiquo\\frontend\\node_modules\\lightningcss-darwin-x64'
152 silly reify ]
153 verbose reify failed optional dependency C:\project\december-\Studiquo\frontend\node_modules\lightningcss-darwin-arm64
154 silly reify mark deleted [
154 silly reify   'C:\\project\\december-\\Studiquo\\frontend\\node_modules\\lightningcss-darwin-arm64'
154 silly reify ]
155 verbose reify failed optional dependency C:\project\december-\Studiquo\frontend\node_modules\lightningcss-android-arm64
156 silly reify mark deleted [
156 silly reify   'C:\\project\\december-\\Studiquo\\frontend\\node_modules\\lightningcss-android-arm64'
156 silly reify ]
157 verbose reify failed optional dependency C:\project\december-\Studiquo\frontend\node_modules\@unrs\resolver-binding-win32-ia32-msvc
158 silly reify mark deleted [
158 silly reify   'C:\\project\\december-\\Studiquo\\frontend\\node_modules\\@unrs\\resolver-binding-win32-ia32-msvc'
158 silly reify ]
159 verbose reify failed optional dependency C:\project\december-\Studiquo\frontend\node_modules\@unrs\resolver-binding-win32-arm64-msvc
160 silly reify mark deleted [
160 silly reify   'C:\\project\\december-\\Studiquo\\frontend\\node_modules\\@unrs\\resolver-binding-win32-arm64-msvc'
160 silly reify ]
161 verbose reify failed optional dependency C:\project\december-\Studiquo\frontend\node_modules\@unrs\resolver-binding-wasm32-wasi
162 silly reify mark deleted [
162 silly reify   'C:\\project\\december-\\Studiquo\\frontend\\node_modules\\@unrs\\resolver-binding-wasm32-wasi'
162 silly reify ]
163 verbose reify failed optional dependency C:\project\december-\Studiquo\frontend\node_modules\@unrs\resolver-binding-linux-x64-musl
164 silly reify mark deleted [
164 silly reify   'C:\\project\\december-\\Studiquo\\frontend\\node_modules\\@unrs\\resolver-binding-linux-x64-musl'
164 silly reify ]
165 verbose reify failed optional dependency C:\project\december-\Studiquo\frontend\node_modules\@unrs\resolver-binding-linux-x64-gnu
166 silly reify mark deleted [
166 silly reify   'C:\\project\\december-\\Studiquo\\frontend\\node_modules\\@unrs\\resolver-binding-linux-x64-gnu'
166 silly reify ]
167 verbose reify failed optional dependency C:\project\december-\Studiquo\frontend\node_modules\@unrs\resolver-binding-linux-s390x-gnu
168 silly reify mark deleted [
168 silly reify   'C:\\project\\december-\\Studiquo\\frontend\\node_modules\\@unrs\\resolver-binding-linux-s390x-gnu'
168 silly reify ]
169 verbose reify failed optional dependency C:\project\december-\Studiquo\frontend\node_modules\@unrs\resolver-binding-linux-riscv64-musl
170 silly reify mark deleted [
170 silly reify   'C:\\project\\december-\\Studiquo\\frontend\\node_modules\\@unrs\\resolver-binding-linux-riscv64-musl'
170 silly reify ]
171 verbose reify failed optional dependency C:\project\december-\Studiquo\frontend\node_modules\@unrs\resolver-binding-linux-riscv64-gnu
172 silly reify mark deleted [
172 silly reify   'C:\\project\\december-\\Studiquo\\frontend\\node_modules\\@unrs\\resolver-binding-linux-riscv64-gnu'
172 silly reify ]
173 verbose reify failed optional dependency C:\project\december-\Studiquo\frontend\node_modules\@unrs\resolver-binding-linux-ppc64-gnu
174 silly reify mark deleted [
174 silly reify   'C:\\project\\december-\\Studiquo\\frontend\\node_modules\\@unrs\\resolver-binding-linux-ppc64-gnu'
174 silly reify ]
175 verbose reify failed optional dependency C:\project\december-\Studiquo\frontend\node_modules\@unrs\resolver-binding-linux-arm64-musl
176 silly reify mark deleted [
176 silly reify   'C:\\project\\december-\\Studiquo\\frontend\\node_modules\\@unrs\\resolver-binding-linux-arm64-musl'
176 silly reify ]
177 verbose reify failed optional dependency C:\project\december-\Studiquo\frontend\node_modules\@unrs\resolver-binding-linux-arm64-gnu
178 silly reify mark deleted [
178 silly reify   'C:\\project\\december-\\Studiquo\\frontend\\node_modules\\@unrs\\resolver-binding-linux-arm64-gnu'
178 silly reify ]
179 verbose reify failed optional dependency C:\project\december-\Studiquo\frontend\node_modules\@unrs\resolver-binding-linux-arm-musleabihf
180 silly reify mark deleted [
180 silly reify   'C:\\project\\december-\\Studiquo\\frontend\\node_modules\\@unrs\\resolver-binding-linux-arm-musleabihf'
180 silly reify ]
181 verbose reify failed optional dependency C:\project\december-\Studiquo\frontend\node_modules\@unrs\resolver-binding-linux-arm-gnueabihf
182 silly reify mark deleted [
182 silly reify   'C:\\project\\december-\\Studiquo\\frontend\\node_modules\\@unrs\\resolver-binding-linux-arm-gnueabihf'
182 silly reify ]
183 verbose reify failed optional dependency C:\project\december-\Studiquo\frontend\node_modules\@unrs\resolver-binding-freebsd-x64
184 silly reify mark deleted [
184 silly reify   'C:\\project\\december-\\Studiquo\\frontend\\node_modules\\@unrs\\resolver-binding-freebsd-x64'
184 silly reify ]
185 verbose reify failed optional dependency C:\project\december-\Studiquo\frontend\node_modules\@unrs\resolver-binding-darwin-x64
186 silly reify mark deleted [
186 silly reify   'C:\\project\\december-\\Studiquo\\frontend\\node_modules\\@unrs\\resolver-binding-darwin-x64'
186 silly reify ]
187 verbose reify failed optional dependency C:\project\december-\Studiquo\frontend\node_modules\@unrs\resolver-binding-darwin-arm64
188 silly reify mark deleted [
188 silly reify   'C:\\project\\december-\\Studiquo\\frontend\\node_modules\\@unrs\\resolver-binding-darwin-arm64'
188 silly reify ]
189 verbose reify failed optional dependency C:\project\december-\Studiquo\frontend\node_modules\@unrs\resolver-binding-android-arm64
190 silly reify mark deleted [
190 silly reify   'C:\\project\\december-\\Studiquo\\frontend\\node_modules\\@unrs\\resolver-binding-android-arm64'
190 silly reify ]
191 verbose reify failed optional dependency C:\project\december-\Studiquo\frontend\node_modules\@unrs\resolver-binding-android-arm-eabi
192 silly reify mark deleted [
192 silly reify   'C:\\project\\december-\\Studiquo\\frontend\\node_modules\\@unrs\\resolver-binding-android-arm-eabi'
192 silly reify ]
193 verbose reify failed optional dependency C:\project\december-\Studiquo\frontend\node_modules\@tailwindcss\oxide-win32-arm64-msvc
194 silly reify mark deleted [
194 silly reify   'C:\\project\\december-\\Studiquo\\frontend\\node_modules\\@tailwindcss\\oxide-win32-arm64-msvc'
194 silly reify ]
195 verbose reify failed optional dependency C:\project\december-\Studiquo\frontend\node_modules\@tailwindcss\oxide-linux-x64-musl
196 silly reify mark deleted [
196 silly reify   'C:\\project\\december-\\Studiquo\\frontend\\node_modules\\@tailwindcss\\oxide-linux-x64-musl'
196 silly reify ]
197 verbose reify failed optional dependency C:\project\december-\Studiquo\frontend\node_modules\@tailwindcss\oxide-linux-x64-gnu
198 silly reify mark deleted [
198 silly reify   'C:\\project\\december-\\Studiquo\\frontend\\node_modules\\@tailwindcss\\oxide-linux-x64-gnu'
198 silly reify ]
199 verbose reify failed optional dependency C:\project\december-\Studiquo\frontend\node_modules\@tailwindcss\oxide-linux-arm64-musl
200 silly reify mark deleted [
200 silly reify   'C:\\project\\december-\\Studiquo\\frontend\\node_modules\\@tailwindcss\\oxide-linux-arm64-musl'
200 silly reify ]
201 verbose reify failed optional dependency C:\project\december-\Studiquo\frontend\node_modules\@tailwindcss\oxide-linux-arm64-gnu
202 silly reify mark deleted [
202 silly reify   'C:\\project\\december-\\Studiquo\\frontend\\node_modules\\@tailwindcss\\oxide-linux-arm64-gnu'
202 silly reify ]
203 verbose reify failed optional dependency C:\project\december-\Studiquo\frontend\node_modules\@tailwindcss\oxide-linux-arm-gnueabihf
204 silly reify mark deleted [
204 silly reify   'C:\\project\\december-\\Studiquo\\frontend\\node_modules\\@tailwindcss\\oxide-linux-arm-gnueabihf'
204 silly reify ]
205 verbose reify failed optional dependency C:\project\december-\Studiquo\frontend\node_modules\@tailwindcss\oxide-freebsd-x64
206 silly reify mark deleted [
206 silly reify   'C:\\project\\december-\\Studiquo\\frontend\\node_modules\\@tailwindcss\\oxide-freebsd-x64'
206 silly reify ]
207 verbose reify failed optional dependency C:\project\december-\Studiquo\frontend\node_modules\@tailwindcss\oxide-darwin-x64
208 silly reify mark deleted [
208 silly reify   'C:\\project\\december-\\Studiquo\\frontend\\node_modules\\@tailwindcss\\oxide-darwin-x64'
208 silly reify ]
209 verbose reify failed optional dependency C:\project\december-\Studiquo\frontend\node_modules\@tailwindcss\oxide-darwin-arm64
210 silly reify mark deleted [
210 silly reify   'C:\\project\\december-\\Studiquo\\frontend\\node_modules\\@tailwindcss\\oxide-darwin-arm64'
210 silly reify ]
211 verbose reify failed optional dependency C:\project\december-\Studiquo\frontend\node_modules\@tailwindcss\oxide-android-arm64
212 silly reify mark deleted [
212 silly reify   'C:\\project\\december-\\Studiquo\\frontend\\node_modules\\@tailwindcss\\oxide-android-arm64'
212 silly reify ]
213 verbose reify failed optional dependency C:\project\december-\Studiquo\frontend\node_modules\@next\swc-win32-arm64-msvc
214 silly reify mark deleted [
214 silly reify   'C:\\project\\december-\\Studiquo\\frontend\\node_modules\\@next\\swc-win32-arm64-msvc'
214 silly reify ]
215 verbose reify failed optional dependency C:\project\december-\Studiquo\frontend\node_modules\@next\swc-linux-x64-musl
216 silly reify mark deleted [
216 silly reify   'C:\\project\\december-\\Studiquo\\frontend\\node_modules\\@next\\swc-linux-x64-musl'
216 silly reify ]
217 verbose reify failed optional dependency C:\project\december-\Studiquo\frontend\node_modules\@next\swc-linux-x64-gnu
218 silly reify mark deleted [
218 silly reify   'C:\\project\\december-\\Studiquo\\frontend\\node_modules\\@next\\swc-linux-x64-gnu'
218 silly reify ]
219 verbose reify failed optional dependency C:\project\december-\Studiquo\frontend\node_modules\@next\swc-linux-arm64-musl
220 silly reify mark deleted [
220 silly reify   'C:\\project\\december-\\Studiquo\\frontend\\node_modules\\@next\\swc-linux-arm64-musl'
220 silly reify ]
221 verbose reify failed optional dependency C:\project\december-\Studiquo\frontend\node_modules\@next\swc-linux-arm64-gnu
222 silly reify mark deleted [
222 silly reify   'C:\\project\\december-\\Studiquo\\frontend\\node_modules\\@next\\swc-linux-arm64-gnu'
222 silly reify ]
223 verbose reify failed optional dependency C:\project\december-\Studiquo\frontend\node_modules\@next\swc-darwin-x64
224 silly reify mark deleted [
224 silly reify   'C:\\project\\december-\\Studiquo\\frontend\\node_modules\\@next\\swc-darwin-x64'
224 silly reify ]
225 verbose reify failed optional dependency C:\project\december-\Studiquo\frontend\node_modules\@next\swc-darwin-arm64
226 silly reify mark deleted [
226 silly reify   'C:\\project\\december-\\Studiquo\\frontend\\node_modules\\@next\\swc-darwin-arm64'
226 silly reify ]
227 verbose reify failed optional dependency C:\project\december-\Studiquo\frontend\node_modules\@img\sharp-win32-ia32
228 silly reify mark deleted [
228 silly reify   'C:\\project\\december-\\Studiquo\\frontend\\node_modules\\@img\\sharp-win32-ia32'
228 silly reify ]
229 verbose reify failed optional dependency C:\project\december-\Studiquo\frontend\node_modules\@img\sharp-win32-arm64
230 silly reify mark deleted [
230 silly reify   'C:\\project\\december-\\Studiquo\\frontend\\node_modules\\@img\\sharp-win32-arm64'
230 silly reify ]
231 verbose reify failed optional dependency C:\project\december-\Studiquo\frontend\node_modules\@img\sharp-wasm32
232 silly reify mark deleted [
232 silly reify   'C:\\project\\december-\\Studiquo\\frontend\\node_modules\\@img\\sharp-wasm32'
232 silly reify ]
233 verbose reify failed optional dependency C:\project\december-\Studiquo\frontend\node_modules\@img\sharp-linuxmusl-x64
234 silly reify mark deleted [
234 silly reify   'C:\\project\\december-\\Studiquo\\frontend\\node_modules\\@img\\sharp-linuxmusl-x64'
234 silly reify ]
235 verbose reify failed optional dependency C:\project\december-\Studiquo\frontend\node_modules\@img\sharp-linuxmusl-arm64
236 silly reify mark deleted [
236 silly reify   'C:\\project\\december-\\Studiquo\\frontend\\node_modules\\@img\\sharp-linuxmusl-arm64'
236 silly reify ]
237 verbose reify failed optional dependency C:\project\december-\Studiquo\frontend\node_modules\@img\sharp-linux-x64
238 silly reify mark deleted [
238 silly reify   'C:\\project\\december-\\Studiquo\\frontend\\node_modules\\@img\\sharp-linux-x64'
238 silly reify ]
239 verbose reify failed optional dependency C:\project\december-\Studiquo\frontend\node_modules\@img\sharp-linux-s390x
240 silly reify mark deleted [
240 silly reify   'C:\\project\\december-\\Studiquo\\frontend\\node_modules\\@img\\sharp-linux-s390x'
240 silly reify ]
241 verbose reify failed optional dependency C:\project\december-\Studiquo\frontend\node_modules\@img\sharp-linux-riscv64
242 silly reify mark deleted [
242 silly reify   'C:\\project\\december-\\Studiquo\\frontend\\node_modules\\@img\\sharp-linux-riscv64'
242 silly reify ]
243 verbose reify failed optional dependency C:\project\december-\Studiquo\frontend\node_modules\@img\sharp-linux-ppc64
244 silly reify mark deleted [
244 silly reify   'C:\\project\\december-\\Studiquo\\frontend\\node_modules\\@img\\sharp-linux-ppc64'
244 silly reify ]
245 verbose reify failed optional dependency C:\project\december-\Studiquo\frontend\node_modules\@img\sharp-linux-arm64
246 silly reify mark deleted [
246 silly reify   'C:\\project\\december-\\Studiquo\\frontend\\node_modules\\@img\\sharp-linux-arm64'
246 silly reify ]
247 verbose reify failed optional dependency C:\project\december-\Studiquo\frontend\node_modules\@img\sharp-linux-arm
248 silly reify mark deleted [
248 silly reify   'C:\\project\\december-\\Studiquo\\frontend\\node_modules\\@img\\sharp-linux-arm'
248 silly reify ]
249 verbose reify failed optional dependency C:\project\december-\Studiquo\frontend\node_modules\@img\sharp-libvips-linuxmusl-x64
250 silly reify mark deleted [
250 silly reify   'C:\\project\\december-\\Studiquo\\frontend\\node_modules\\@img\\sharp-libvips-linuxmusl-x64'
250 silly reify ]
251 verbose reify failed optional dependency C:\project\december-\Studiquo\frontend\node_modules\@img\sharp-libvips-linuxmusl-arm64
252 silly reify mark deleted [
252 silly reify   'C:\\project\\december-\\Studiquo\\frontend\\node_modules\\@img\\sharp-libvips-linuxmusl-arm64'
252 silly reify ]
253 verbose reify failed optional dependency C:\project\december-\Studiquo\frontend\node_modules\@img\sharp-libvips-linux-x64
254 silly reify mark deleted [
254 silly reify   'C:\\project\\december-\\Studiquo\\frontend\\node_modules\\@img\\sharp-libvips-linux-x64'
254 silly reify ]
255 verbose reify failed optional dependency C:\project\december-\Studiquo\frontend\node_modules\@img\sharp-libvips-linux-s390x
256 silly reify mark deleted [
256 silly reify   'C:\\project\\december-\\Studiquo\\frontend\\node_modules\\@img\\sharp-libvips-linux-s390x'
256 silly reify ]
257 verbose reify failed optional dependency C:\project\december-\Studiquo\frontend\node_modules\@img\sharp-libvips-linux-riscv64
258 silly reify mark deleted [
258 silly reify   'C:\\project\\december-\\Studiquo\\frontend\\node_modules\\@img\\sharp-libvips-linux-riscv64'
258 silly reify ]
259 verbose reify failed optional dependency C:\project\december-\Studiquo\frontend\node_modules\@img\sharp-libvips-linux-ppc64
260 silly reify mark deleted [
260 silly reify   'C:\\project\\december-\\Studiquo\\frontend\\node_modules\\@img\\sharp-libvips-linux-ppc64'
260 silly reify ]
261 verbose reify failed optional dependency C:\project\december-\Studiquo\frontend\node_modules\@img\sharp-libvips-linux-arm64
262 silly reify mark deleted [
262 silly reify   'C:\\project\\december-\\Studiquo\\frontend\\node_modules\\@img\\sharp-libvips-linux-arm64'
262 silly reify ]
263 verbose reify failed optional dependency C:\project\december-\Studiquo\frontend\node_modules\@img\sharp-libvips-linux-arm
264 silly reify mark deleted [
264 silly reify   'C:\\project\\december-\\Studiquo\\frontend\\node_modules\\@img\\sharp-libvips-linux-arm'
264 silly reify ]
265 verbose reify failed optional dependency C:\project\december-\Studiquo\frontend\node_modules\@img\sharp-libvips-darwin-x64
266 silly reify mark deleted [
266 silly reify   'C:\\project\\december-\\Studiquo\\frontend\\node_modules\\@img\\sharp-libvips-darwin-x64'
266 silly reify ]
267 verbose reify failed optional dependency C:\project\december-\Studiquo\frontend\node_modules\@img\sharp-libvips-darwin-arm64
268 silly reify mark deleted [
268 silly reify   'C:\\project\\december-\\Studiquo\\frontend\\node_modules\\@img\\sharp-libvips-darwin-arm64'
268 silly reify ]
269 verbose reify failed optional dependency C:\project\december-\Studiquo\frontend\node_modules\@img\sharp-darwin-x64
270 silly reify mark deleted [
270 silly reify   'C:\\project\\december-\\Studiquo\\frontend\\node_modules\\@img\\sharp-darwin-x64'
270 silly reify ]
271 verbose reify failed optional dependency C:\project\december-\Studiquo\frontend\node_modules\@img\sharp-darwin-arm64
272 silly reify mark deleted [
272 silly reify   'C:\\project\\december-\\Studiquo\\frontend\\node_modules\\@img\\sharp-darwin-arm64'
272 silly reify ]
273 http cache oidc-token-hash@https://registry.npmjs.org/oidc-token-hash/-/oidc-token-hash-5.2.0.tgz 0ms (cache hit)
274 http cache object-hash@https://registry.npmjs.org/object-hash/-/object-hash-2.2.0.tgz 0ms (cache hit)
275 http cache uuid@https://registry.npmjs.org/uuid/-/uuid-8.3.2.tgz 0ms (cache hit)
276 http cache jose@https://registry.npmjs.org/jose/-/jose-4.15.9.tgz 0ms (cache hit)
277 http cache preact@https://registry.npmjs.org/preact/-/preact-10.28.0.tgz 0ms (cache hit)
278 http cache oauth@https://registry.npmjs.org/oauth/-/oauth-0.9.15.tgz 0ms (cache hit)
279 http cache preact-render-to-string@https://registry.npmjs.org/preact-render-to-string/-/preact-render-to-string-5.2.6.tgz 0ms (cache hit)
280 http cache @panva/hkdf@https://registry.npmjs.org/@panva/hkdf/-/hkdf-1.2.1.tgz 0ms (cache hit)
281 http cache pretty-format@https://registry.npmjs.org/pretty-format/-/pretty-format-3.8.0.tgz 0ms (cache hit)
282 http cache lru-cache@https://registry.npmjs.org/lru-cache/-/lru-cache-6.0.0.tgz 0ms (cache hit)
283 http cache cookie@https://registry.npmjs.org/cookie/-/cookie-0.7.2.tgz 0ms (cache hit)
284 http cache yallist@https://registry.npmjs.org/yallist/-/yallist-4.0.0.tgz 0ms (cache hit)
285 silly tarball no local data for oidc-token-hash@https://registry.npmjs.org/oidc-token-hash/-/oidc-token-hash-5.2.0.tgz. Extracting by manifest.
286 silly tarball no local data for object-hash@https://registry.npmjs.org/object-hash/-/object-hash-2.2.0.tgz. Extracting by manifest.
287 http cache openid-client@https://registry.npmjs.org/openid-client/-/openid-client-5.7.1.tgz 0ms (cache hit)
288 http cache next-auth@https://registry.npmjs.org/next-auth/-/next-auth-4.24.13.tgz 0ms (cache hit)
289 http cache @babel/runtime@https://registry.npmjs.org/@babel/runtime/-/runtime-7.28.4.tgz 0ms (cache hit)
290 silly tarball no local data for uuid@https://registry.npmjs.org/uuid/-/uuid-8.3.2.tgz. Extracting by manifest.
291 silly tarball no local data for jose@https://registry.npmjs.org/jose/-/jose-4.15.9.tgz. Extracting by manifest.
292 silly tarball no local data for preact@https://registry.npmjs.org/preact/-/preact-10.28.0.tgz. Extracting by manifest.
293 silly tarball no local data for oauth@https://registry.npmjs.org/oauth/-/oauth-0.9.15.tgz. Extracting by manifest.
294 silly tarball no local data for preact-render-to-string@https://registry.npmjs.org/preact-render-to-string/-/preact-render-to-string-5.2.6.tgz. Extracting by manifest.
295 silly tarball no local data for @panva/hkdf@https://registry.npmjs.org/@panva/hkdf/-/hkdf-1.2.1.tgz. Extracting by manifest.
296 silly tarball no local data for pretty-format@https://registry.npmjs.org/pretty-format/-/pretty-format-3.8.0.tgz. Extracting by manifest.
297 silly tarball no local data for lru-cache@https://registry.npmjs.org/lru-cache/-/lru-cache-6.0.0.tgz. Extracting by manifest.
298 silly tarball no local data for cookie@https://registry.npmjs.org/cookie/-/cookie-0.7.2.tgz. Extracting by manifest.
299 silly tarball no local data for yallist@https://registry.npmjs.org/yallist/-/yallist-4.0.0.tgz. Extracting by manifest.
300 silly tarball no local data for openid-client@https://registry.npmjs.org/openid-client/-/openid-client-5.7.1.tgz. Extracting by manifest.
301 silly tarball no local data for next-auth@https://registry.npmjs.org/next-auth/-/next-auth-4.24.13.tgz. Extracting by manifest.
302 silly tarball no local data for @babel/runtime@https://registry.npmjs.org/@babel/runtime/-/runtime-7.28.4.tgz. Extracting by manifest.
303 http fetch GET 200 https://registry.npmjs.org/oidc-token-hash/-/oidc-token-hash-5.2.0.tgz 77ms (cache miss)
304 http fetch GET 200 https://registry.npmjs.org/object-hash/-/object-hash-2.2.0.tgz 91ms (cache miss)
305 http fetch GET 200 https://registry.npmjs.org/oauth/-/oauth-0.9.15.tgz 124ms (cache miss)
306 http fetch GET 200 https://registry.npmjs.org/yallist/-/yallist-4.0.0.tgz 124ms (cache miss)
307 http fetch GET 200 https://registry.npmjs.org/preact-render-to-string/-/preact-render-to-string-5.2.6.tgz 149ms (cache miss)
308 http fetch GET 200 https://registry.npmjs.org/uuid/-/uuid-8.3.2.tgz 190ms (cache miss)
309 http fetch GET 200 https://registry.npmjs.org/lru-cache/-/lru-cache-6.0.0.tgz 320ms (cache miss)
310 http fetch GET 200 https://registry.npmjs.org/pretty-format/-/pretty-format-3.8.0.tgz 332ms (cache miss)
311 http fetch GET 200 https://registry.npmjs.org/@panva/hkdf/-/hkdf-1.2.1.tgz 348ms (cache miss)
312 http fetch GET 200 https://registry.npmjs.org/cookie/-/cookie-0.7.2.tgz 362ms (cache miss)
313 http fetch GET 200 https://registry.npmjs.org/openid-client/-/openid-client-5.7.1.tgz 369ms (cache miss)
314 http fetch GET 200 https://registry.npmjs.org/preact/-/preact-10.28.0.tgz 388ms (cache miss)
315 http fetch GET 200 https://registry.npmjs.org/@babel/runtime/-/runtime-7.28.4.tgz 387ms (cache miss)
316 http fetch POST 200 https://registry.npmjs.org/-/npm/v1/security/advisories/bulk 411ms
317 silly audit report {
317 silly audit report   'js-yaml': [
317 silly audit report     {
317 silly audit report       id: 1109802,
317 silly audit report       url: 'https://github.com/advisories/GHSA-mh29-5h37-fv8m',
317 silly audit report       title: 'js-yaml has prototype pollution in merge (<<)',
317 silly audit report       severity: 'moderate',
317 silly audit report       vulnerable_versions: '>=4.0.0 <4.1.1',
317 silly audit report       cwe: [Array],
317 silly audit report       cvss: [Object]
317 silly audit report     }
317 silly audit report   ]
317 silly audit report }
318 silly packumentCache corgi:https://registry.npmjs.org/js-yaml cache-miss
319 http fetch GET 200 https://registry.npmjs.org/js-yaml 36ms (cache revalidated)
320 silly packumentCache corgi:https://registry.npmjs.org/js-yaml set size:58533 disposed:false
321 silly packumentCache corgi:https://registry.npmjs.org/@eslint%2feslintrc cache-miss
322 http fetch GET 200 https://registry.npmjs.org/jose/-/jose-4.15.9.tgz 486ms (cache miss)
323 http fetch GET 200 https://registry.npmjs.org/@eslint%2feslintrc 269ms (cache revalidated)
324 silly packumentCache corgi:https://registry.npmjs.org/@eslint%2feslintrc set size:80753 disposed:false
325 http fetch GET 200 https://registry.npmjs.org/next-auth/-/next-auth-4.24.13.tgz 732ms (cache miss)
326 silly ADD node_modules/pretty-format
327 silly ADD node_modules/oidc-token-hash
328 silly ADD node_modules/object-hash
329 silly ADD node_modules/uuid
330 silly ADD node_modules/preact-render-to-string
331 silly ADD node_modules/preact
332 silly ADD node_modules/openid-client
333 silly ADD node_modules/openid-client/node_modules/yallist
334 silly ADD node_modules/openid-client/node_modules/lru-cache
335 silly ADD node_modules/oauth
336 silly ADD node_modules/jose
337 silly ADD node_modules/cookie
338 silly ADD node_modules/@panva/hkdf
339 silly ADD node_modules/@babel/runtime
340 silly ADD node_modules/next-auth
341 silly ADD
342 silly ADD
343 silly ADD
344 silly ADD
345 silly ADD
346 silly ADD
347 silly ADD
348 silly ADD
349 silly ADD
350 silly ADD
351 silly ADD
352 silly ADD
353 silly ADD
354 silly ADD
355 silly ADD
356 silly ADD
357 silly ADD
358 silly ADD
359 silly ADD
360 silly ADD
361 silly ADD
362 silly ADD
363 silly ADD
364 silly ADD
365 silly ADD
366 silly ADD
367 silly ADD
368 silly ADD
369 silly ADD
370 silly ADD
371 silly ADD
372 silly ADD
373 silly ADD
374 silly ADD
375 silly ADD
376 silly ADD
377 silly ADD
378 silly ADD
379 silly ADD
380 silly ADD
381 silly ADD
382 silly ADD
383 silly ADD
384 silly ADD
385 silly ADD
386 silly ADD
387 silly ADD
388 silly ADD
389 silly ADD
390 silly ADD
391 silly ADD
392 silly ADD
393 silly ADD
394 silly ADD
395 silly ADD
396 silly ADD
397 silly ADD
398 silly ADD
399 silly ADD
400 silly ADD
401 silly ADD
402 silly ADD
403 silly ADD
404 silly ADD
405 silly ADD
406 silly ADD
407 silly ADD
408 silly ADD
409 silly ADD
410 verbose cwd C:\project\december-\Studiquo\frontend
411 verbose os Windows_NT 10.0.26100
412 verbose node v22.15.1
413 verbose npm  v10.9.2
414 verbose exit 0
415 info ok
